<?xml version="1.0" encoding="UTF-8"?>
<!-- Generated by org.testng.reporters.JUnitReportReporter -->
<testsuite hostname="LAPTOP-QMTS6C4Q" failures="0" tests="2" name="testcases.LoginTest" time="17.895" errors="0" timestamp="2025-09-09T09:43:52 IST" skipped="0">
  <testcase classname="testcases.LoginTest" name="validLoginTest" time="4.452"/>
  <testcase classname="testcases.LoginTest" name="crossBrowserLoginTest" time="13.443"/>
</testsuite> <!-- testcases.LoginTest -->
