<?xml version="1.0" encoding="UTF-8"?>
<!-- Generated by org.testng.reporters.JUnitReportReporter -->
<testsuite hostname="LAPTOP-QMTS6C4Q" failures="0" tests="6" name="testcases.CartTest" time="31.512" errors="0" timestamp="2025-09-09T09:26:08 IST" skipped="0">
  <testcase classname="testcases.CartTest" name="testAddMultipleProductsToCart" time="4.286"/>
  <testcase classname="testcases.CartTest" name="testRemoveProductFromCart" time="4.065"/>
  <testcase classname="testcases.CartTest" name="testValidateCartSummary" time="5.434"/>
  <testcase classname="testcases.CartTest" name="testCartPersistenceAcrossSessions" time="9.247"/>
  <testcase classname="testcases.CartTest" name="testCheckoutWithEmptyCart" time="5.356"/>
  <testcase classname="testcases.CartTest" name="testInvalidSessionRedirection" time="3.124"/>
</testsuite> <!-- testcases.CartTest -->
