<?xml version="1.0" encoding="UTF-8"?>
<!-- Generated by org.testng.reporters.JUnitReportReporter -->
<testsuite hostname="LAPTOP-QMTS6C4Q" failures="0" tests="8" name="testcases.ProductsTest" time="52.436" errors="0" timestamp="2025-09-09T09:26:08 IST" skipped="0">
  <testcase classname="testcases.ProductsTest" name="testSidebarNavigation" time="22.810"/>
  <testcase classname="testcases.ProductsTest" name="testProductDetailsVerification" time="3.489"/>
  <testcase classname="testcases.ProductsTest" name="testSortByPriceHighLow" time="5.420"/>
  <testcase classname="testcases.ProductsTest" name="testSortByPriceLowHigh" time="3.831"/>
  <testcase classname="testcases.ProductsTest" name="testInvalidFilterOption" time="3.598"/>
  <testcase classname="testcases.ProductsTest" name="testSortByNameZToA" time="4.616"/>
  <testcase classname="testcases.ProductsTest" name="testUIResponsiveness" time="4.625"/>
  <testcase classname="testcases.ProductsTest" name="testSortByNameAToZ" time="4.047"/>
</testsuite> <!-- testcases.ProductsTest -->
