<?xml version="1.0" encoding="UTF-8"?>
<!-- Generated by org.testng.reporters.JUnitReportReporter -->
<testsuite hostname="LAPTOP-QMTS6C4Q" failures="0" tests="7" name="testcases.CheckoutTest" time="40.102" errors="0" timestamp="2025-09-09T09:26:08 IST" skipped="0">
  <testcase classname="testcases.CheckoutTest" name="testCompleteCheckoutWithValidData" time="5.035"/>
  <testcase classname="testcases.CheckoutTest" name="testCompleteCheckoutWithValidDataRepeat" time="5.806"/>
  <testcase classname="testcases.CheckoutTest" name="testCheckoutWithEmptyFields" time="7.399"/>
  <testcase classname="testcases.CheckoutTest" name="testCheckoutWithInvalidPostalCode" time="6.637"/>
  <testcase classname="testcases.CheckoutTest" name="testCancelCheckoutSteps" time="5.630"/>
  <testcase classname="testcases.CheckoutTest" name="testOrderSummaryValidation" time="4.925"/>
  <testcase classname="testcases.CheckoutTest" name="testOrderConfirmationPageValidation" time="4.670"/>
</testsuite> <!-- testcases.CheckoutTest -->
