<?xml version="1.0" encoding="UTF-8"?>
<!-- Generated by org.testng.reporters.JUnitReportReporter -->
<testsuite hostname="LAPTOP-QMTS6C4Q" failures="0" tests="1" name="runners.TestRunner" time="12.076" errors="0" timestamp="2025-10-08T12:46:34 IST" skipped="0">
  <testcase classname="runners.TestRunner" name="runScenario" time="12.076"/>
</testsuite> <!-- runners.TestRunner -->
