<?xml version="1.0" encoding="UTF-8"?>
<!-- Generated by org.testng.reporters.JUnitReportReporter -->
<testsuite hostname="LAPTOP-QMTS6C4Q" failures="0" tests="1" name="runners.TestRunner" time="11.937" errors="0" timestamp="2025-09-28T01:05:21 IST" skipped="0">
  <testcase classname="runners.TestRunner" name="runScenario" time="11.937"/>
</testsuite> <!-- runners.TestRunner -->
